INFO 2024-11-18 00:07:12,753 autoreload Watching for file changes with StatReloader
INFO 2024-11-18 00:11:41,171 autoreload Watching for file changes with StatReloader
WARNING 2024-11-18 00:11:43,293 basehttp "GET / HTTP/1.1" 404 2525
WARNING 2024-11-18 00:11:43,333 basehttp "GET /favicon.ico HTTP/1.1" 404 2576
INFO 2024-11-18 00:17:45,004 autoreload Watching for file changes with StatReloader
WARNING 2024-11-18 00:17:46,519 basehttp "GET / HTTP/1.1" 404 2795
INFO 2024-11-18 00:27:54,279 autoreload Watching for file changes with StatReloader
WARNING 2024-11-18 00:27:55,578 basehttp "GET / HTTP/1.1" 404 2795
INFO 2024-11-18 00:28:04,244 basehttp "GET /admin HTTP/1.1" 301 0
INFO 2024-11-18 00:28:04,268 basehttp "GET /admin/ HTTP/1.1" 302 0
INFO 2024-11-18 00:28:04,291 basehttp "GET /admin/login/?next=/admin/ HTTP/1.1" 200 4157
INFO 2024-11-18 00:28:04,429 basehttp "GET /static/admin/css/responsive.css HTTP/1.1" 200 17972
INFO 2024-11-18 00:28:04,429 basehttp "GET /static/admin/css/dark_mode.css HTTP/1.1" 200 2804
INFO 2024-11-18 00:28:04,432 basehttp "GET /static/admin/css/nav_sidebar.css HTTP/1.1" 200 2810
INFO 2024-11-18 00:28:04,434 basehttp "GET /static/admin/css/login.css HTTP/1.1" 200 951
INFO 2024-11-18 00:28:04,436 basehttp "GET /static/admin/css/base.css HTTP/1.1" 200 22092
INFO 2024-11-18 00:28:04,437 basehttp "GET /static/admin/js/theme.js HTTP/1.1" 200 1653
INFO 2024-11-18 00:28:04,438 basehttp "GET /static/admin/js/nav_sidebar.js HTTP/1.1" 200 3063
INFO 2024-11-18 00:28:21,633 basehttp "POST /admin/login/?next=/admin/ HTTP/1.1" 200 4319
INFO 2024-11-18 00:28:32,692 signals User logged in: f_kuanysh@kbtu.kz
INFO 2024-11-18 00:28:32,697 basehttp "POST /admin/login/?next=/admin/ HTTP/1.1" 302 0
INFO 2024-11-18 00:28:32,716 basehttp "GET /admin/ HTTP/1.1" 200 15633
INFO 2024-11-18 00:28:32,727 basehttp "GET /static/admin/css/dashboard.css HTTP/1.1" 200 441
INFO 2024-11-18 00:28:32,733 basehttp "GET /static/admin/img/icon-changelink.svg HTTP/1.1" 200 380
INFO 2024-11-18 00:28:32,733 basehttp "GET /static/admin/img/icon-addlink.svg HTTP/1.1" 200 331
INFO 2024-11-18 23:23:55,469 autoreload Watching for file changes with StatReloader
INFO 2024-11-18 23:48:52,251 autoreload Watching for file changes with StatReloader
INFO 2024-11-18 23:49:16,524 autoreload C:\Users\f_kua\Downloads\Django\StudentManagementSystem\StudentManagementSystem\settings.py changed, reloading.
INFO 2024-11-18 23:49:19,313 autoreload Watching for file changes with StatReloader
INFO 2024-11-18 23:49:49,183 autoreload C:\Users\f_kua\Downloads\Django\StudentManagementSystem\StudentManagementSystem\settings.py changed, reloading.
INFO 2024-11-18 23:49:51,679 autoreload Watching for file changes with StatReloader
INFO 2024-11-18 23:50:01,250 autoreload Watching for file changes with StatReloader
INFO 2024-11-18 23:53:58,553 autoreload Watching for file changes with StatReloader
INFO 2024-11-18 23:54:48,615 autoreload C:\Users\f_kua\Downloads\Django\StudentManagementSystem\StudentManagementSystem\settings.py changed, reloading.
INFO 2024-11-18 23:54:56,216 autoreload Watching for file changes with StatReloader
INFO 2024-11-18 23:56:26,346 autoreload Watching for file changes with StatReloader
INFO 2024-11-20 04:22:50,104 autoreload Watching for file changes with StatReloader
INFO 2024-11-20 04:29:53,050 autoreload Watching for file changes with StatReloader
INFO 2024-11-20 04:30:38,821 autoreload Watching for file changes with StatReloader
INFO 2024-11-20 04:31:32,648 autoreload Watching for file changes with StatReloader
INFO 2024-11-20 04:34:07,925 autoreload Watching for file changes with StatReloader
INFO 2024-11-20 04:35:48,165 autoreload Watching for file changes with StatReloader
WARNING 2024-11-20 04:35:53,394 basehttp "GET / HTTP/1.1" 404 2525
INFO 2024-11-20 04:36:02,094 basehttp "GET /admin/ HTTP/1.1" 302 0
INFO 2024-11-20 04:36:02,165 basehttp "GET /admin/login/?next=/admin/ HTTP/1.1" 200 4178
INFO 2024-11-20 04:36:02,289 basehttp "GET /static/admin/css/base.css HTTP/1.1" 304 0
INFO 2024-11-20 04:36:02,289 basehttp "GET /static/admin/css/dark_mode.css HTTP/1.1" 304 0
INFO 2024-11-20 04:36:02,295 basehttp "GET /static/admin/css/nav_sidebar.css HTTP/1.1" 304 0
INFO 2024-11-20 04:36:02,295 basehttp "GET /static/admin/js/nav_sidebar.js HTTP/1.1" 304 0
INFO 2024-11-20 04:36:02,296 basehttp "GET /static/admin/css/login.css HTTP/1.1" 304 0
INFO 2024-11-20 04:36:02,297 basehttp "GET /static/admin/js/theme.js HTTP/1.1" 304 0
INFO 2024-11-20 04:36:02,299 basehttp "GET /static/admin/css/responsive.css HTTP/1.1" 304 0
INFO 2024-11-20 04:36:04,540 basehttp "POST /admin/login/?next=/admin/ HTTP/1.1" 200 4336
INFO 2024-11-20 04:36:07,589 basehttp "GET /admin/login/?next=/admin/ HTTP/1.1" 200 4178
WARNING 2024-11-20 04:36:17,295 basehttp "GET /auth/ HTTP/1.1" 401 9824
INFO 2024-11-20 04:36:18,110 basehttp "GET /static/rest_framework/js/ajax-form.js HTTP/1.1" 200 3796
INFO 2024-11-20 04:36:18,115 basehttp "GET /static/rest_framework/css/bootstrap-tweaks.css HTTP/1.1" 200 3426
INFO 2024-11-20 04:36:18,120 basehttp "GET /static/rest_framework/css/prettify.css HTTP/1.1" 200 817
INFO 2024-11-20 04:36:18,128 basehttp "GET /static/rest_framework/js/csrf.js HTTP/1.1" 200 1793
INFO 2024-11-20 04:36:18,131 basehttp "GET /static/rest_framework/js/bootstrap.min.js HTTP/1.1" 200 39680
INFO 2024-11-20 04:36:18,132 basehttp "GET /static/rest_framework/css/bootstrap.min.css HTTP/1.1" 200 121457
INFO 2024-11-20 04:36:18,136 basehttp "GET /static/rest_framework/js/jquery-3.7.1.min.js HTTP/1.1" 200 87533
INFO 2024-11-20 04:36:18,150 basehttp "GET /static/rest_framework/css/default.css HTTP/1.1" 200 1152
INFO 2024-11-20 04:36:18,142 basehttp "GET /static/rest_framework/js/prettify-min.js HTTP/1.1" 200 13632
INFO 2024-11-20 04:36:18,161 basehttp "GET /static/rest_framework/js/default.js HTTP/1.1" 200 1268
INFO 2024-11-20 04:36:18,169 basehttp "GET /static/rest_framework/js/load-ajax-form.js HTTP/1.1" 200 59
INFO 2024-11-20 04:36:18,192 basehttp "GET /static/rest_framework/img/grid.png HTTP/1.1" 200 1458
INFO 2024-11-20 04:36:18,240 basehttp - Broken pipe from ('127.0.0.1', 59851)
WARNING 2024-11-20 04:36:22,726 basehttp "GET /auth/ HTTP/1.1" 401 9824
INFO 2024-11-20 04:36:34,744 basehttp "GET /swagger/ HTTP/1.1" 200 2232
INFO 2024-11-20 04:36:34,865 basehttp "GET /static/drf-yasg/style.css HTTP/1.1" 200 1047
INFO 2024-11-20 04:36:34,871 basehttp "GET /static/drf-yasg/insQ.min.js HTTP/1.1" 200 2093
INFO 2024-11-20 04:36:34,878 basehttp "GET /static/drf-yasg/swagger-ui-init.js HTTP/1.1" 200 15480
INFO 2024-11-20 04:36:34,880 basehttp "GET /static/drf-yasg/swagger-ui-dist/swagger-ui.css HTTP/1.1" 200 145206
INFO 2024-11-20 04:36:34,884 basehttp "GET /static/drf-yasg/immutable.min.js HTTP/1.1" 200 56904
INFO 2024-11-20 04:36:34,898 basehttp "GET /static/drf-yasg/swagger-ui-dist/swagger-ui-standalone-preset.js HTTP/1.1" 200 322863
INFO 2024-11-20 04:36:34,908 basehttp "GET /static/drf-yasg/swagger-ui-dist/swagger-ui-bundle.js HTTP/1.1" 200 1046583
INFO 2024-11-20 04:36:35,110 basehttp "GET /static/drf-yasg/swagger-ui-dist/favicon-32x32.png HTTP/1.1" 200 628
ERROR 2024-11-20 04:36:35,326 log Internal Server Error: /swagger/
Traceback (most recent call last):
  File "C:\Users\Acer\anaconda3\lib\site-packages\django\core\handlers\exception.py", line 55, in inner
    response = get_response(request)
  File "C:\Users\Acer\anaconda3\lib\site-packages\django\core\handlers\base.py", line 197, in _get_response
    response = wrapped_callback(request, *callback_args, **callback_kwargs)
  File "C:\Users\Acer\anaconda3\lib\site-packages\django\views\decorators\csrf.py", line 56, in wrapper_view
    return view_func(*args, **kwargs)
  File "C:\Users\Acer\anaconda3\lib\site-packages\django\views\generic\base.py", line 104, in view
    return self.dispatch(request, *args, **kwargs)
  File "C:\Users\Acer\anaconda3\lib\site-packages\rest_framework\views.py", line 509, in dispatch
    response = self.handle_exception(exc)
  File "C:\Users\Acer\anaconda3\lib\site-packages\rest_framework\views.py", line 469, in handle_exception
    self.raise_uncaught_exception(exc)
  File "C:\Users\Acer\anaconda3\lib\site-packages\rest_framework\views.py", line 480, in raise_uncaught_exception
    raise exc
  File "C:\Users\Acer\anaconda3\lib\site-packages\rest_framework\views.py", line 506, in dispatch
    response = handler(request, *args, **kwargs)
  File "C:\Users\Acer\anaconda3\lib\site-packages\drf_yasg\views.py", line 96, in get
    schema = generator.get_schema(request, self.public)
  File "C:\Users\Acer\anaconda3\lib\site-packages\drf_yasg\generators.py", line 276, in get_schema
    paths, prefix = self.get_paths(endpoints, components, request, public)
  File "C:\Users\Acer\anaconda3\lib\site-packages\drf_yasg\generators.py", line 482, in get_paths
    operation = self.get_operation(view, path, prefix, method, components, request)
  File "C:\Users\Acer\anaconda3\lib\site-packages\drf_yasg\generators.py", line 524, in get_operation
    operation = view_inspector.get_operation(operation_keys)
  File "C:\Users\Acer\anaconda3\lib\site-packages\drf_yasg\inspectors\view.py", line 45, in get_operation
    responses = self.get_responses()
  File "C:\Users\Acer\anaconda3\lib\site-packages\drf_yasg\inspectors\view.py", line 180, in get_responses
    response_serializers = self.get_response_serializers()
  File "C:\Users\Acer\anaconda3\lib\site-packages\drf_yasg\inspectors\view.py", line 235, in get_response_serializers
    responses = self.get_default_responses()
  File "C:\Users\Acer\anaconda3\lib\site-packages\drf_yasg\inspectors\view.py", line 211, in get_default_responses
    default_schema = self.serializer_to_schema(default_schema) or ''
  File "C:\Users\Acer\anaconda3\lib\site-packages\drf_yasg\inspectors\base.py", line 438, in serializer_to_schema
    return self.probe_inspectors(
  File "C:\Users\Acer\anaconda3\lib\site-packages\drf_yasg\inspectors\base.py", line 110, in probe_inspectors
    result = method(obj, **kwargs)
  File "C:\Users\Acer\anaconda3\lib\site-packages\drf_yasg\inspectors\field.py", line 42, in get_schema
    return self.probe_field_inspectors(serializer, openapi.Schema, self.use_definitions)
  File "C:\Users\Acer\anaconda3\lib\site-packages\drf_yasg\inspectors\base.py", line 228, in probe_field_inspectors
    return self.probe_inspectors(
  File "C:\Users\Acer\anaconda3\lib\site-packages\drf_yasg\inspectors\base.py", line 110, in probe_inspectors
    result = method(obj, **kwargs)
  File "C:\Users\Acer\anaconda3\lib\site-packages\drf_yasg\inspectors\field.py", line 141, in field_to_swagger_object
    raise SwaggerGenerationError(
drf_yasg.errors.SwaggerGenerationError: Schema for <class 'users.serializers.UserSerializer'> would override distinct serializer <class 'djoser.serializers.UserSerializer'> because they implicitly share the same ref_name; explicitly set the ref_name attribute on both serializers' Meta classes
ERROR 2024-11-20 04:36:35,333 basehttp "GET /swagger/?format=openapi HTTP/1.1" 500 196637
